<?xml version="1.0" encoding="UTF-8"?>
<!-- Generated by org.testng.reporters.JUnitReportReporter -->
<testsuite hostname="Asheeshs-MacBook-Pro.local" name="com.appdirect.tests.TestCasesTest" tests="1" failures="0" timestamp="6 Apr 2017 04:55:12 GMT" time="17.495" errors="0">
  <testcase name="HomePageTest" time="17.495" classname="com.appdirect.tests.TestCasesTest"/>
</testsuite> <!-- com.appdirect.tests.TestCasesTest -->
