<?xml version="1.0" encoding="UTF-8"?>
<!-- Generated by org.testng.reporters.JUnitReportReporter -->
<testsuite hostname="Asheeshs-MacBook-Pro.local" name="com.appdirect.tests.TestCases" tests="1" failures="0" timestamp="5 Apr 2017 07:36:11 GMT" time="7.890" errors="0">
  <testcase name="Test1" time="7.890" classname="com.appdirect.tests.TestCases"/>
</testsuite> <!-- com.appdirect.tests.TestCases -->
